mp3 feedback for qiqian.21
g++ -std=c++11 -g -O0 -pedantic -Wall -Werror -Wfatal-errors -Wextra -Wno-unused-parameter -Wno-unused-variable -c  cs225/HSLAPixel.cpp -o cs225/HSLAPixel.o
g++ -std=c++11 -g -O0 -pedantic -Wall -Werror -Wfatal-errors -Wextra -Wno-unused-parameter -Wno-unused-variable -c  -fsanitize=address -fno-omit-frame-pointer cs225/HSLAPixel.cpp -o cs225/HSLAPixel.o-asan.o
g++ -std=c++11 -g -O0 -pedantic -Wall -Werror -Wfatal-errors -Wextra -Wno-unused-parameter -Wno-unused-variable -c  cs225/PNG.cpp -o cs225/PNG.o
g++ -std=c++11 -g -O0 -pedantic -Wall -Werror -Wfatal-errors -Wextra -Wno-unused-parameter -Wno-unused-variable -c  -fsanitize=address -fno-omit-frame-pointer cs225/PNG.cpp -o cs225/PNG.o-asan.o
g++ -std=c++11 -g -O0 -pedantic -Wall -Werror -Wfatal-errors -Wextra -Wno-unused-parameter -Wno-unused-variable -c  cs225/lodepng/lodepng.cpp -o cs225/lodepng/lodepng.o
g++ -std=c++11 -g -O0 -pedantic -Wall -Werror -Wfatal-errors -Wextra -Wno-unused-parameter -Wno-unused-variable -c  -fsanitize=address -fno-omit-frame-pointer cs225/lodepng/lodepng.cpp -o cs225/lodepng/lodepng.o-asan.o
g++ -std=c++11 -g -O0 -pedantic -Wall -Werror -Wfatal-errors -Wextra -Wno-unused-parameter -Wno-unused-variable -c    -c -o tests/testmain.o tests/testmain.cpp
g++ -std=c++11 -g -O0 -pedantic -Wall -Werror -Wfatal-errors -Wextra -Wno-unused-parameter -Wno-unused-variable -c    -c -o tests/tests_part1.o tests/tests_part1.cpp
g++ -std=c++11 -g -O0 -pedantic -Wall -Werror -Wfatal-errors -Wextra -Wno-unused-parameter -Wno-unused-variable -c    -c -o tests/tests_part2.o tests/tests_part2.cpp
In file included from tests/tests_part2.cpp:2:
In file included from tests/tests_helper.h:6:
In file included from tests/../list.h:293:
tests/../list-inl.h:153:1: fatal error: non-void function does not return a value [-Wreturn-type]
}
^
tests/../list-inl.h:109:28: note: in instantiation of member function 'List<cs225::HSLAPixel>::split' requested here
    ListNode* secondHead = split(head_, splitPoint);
                           ^
tests/tests_part2.cpp:26:33: note: in instantiation of member function 'List<cs225::HSLAPixel>::split' requested here
  List<HSLAPixel> list2 = list1.split(400 * 240);
                                ^
1 error generated.
make: *** [tests/tests_part2.o] Error 1
Code does not compile.

Total: 0
